2021-12-04 20:38:31,254 [Worker-7: Loading available Gradle versions] INFO  o.e.b.c.i.u.g.PublishedGradleVersions - Gradle version information cache is up-to-date. Trying to read.
2021-12-05 00:24:25,717 [Worker-3: Loading available Gradle versions] INFO  o.e.b.c.i.u.g.PublishedGradleVersions - Gradle version information cache is up-to-date. Trying to read.
2021-12-06 19:39:50,370 [Worker-3: Loading available Gradle versions] INFO  o.e.b.c.i.u.g.PublishedGradleVersions - Gradle version information cache is out-of-date. Trying to update.
2021-12-07 13:24:17,228 [Worker-6: Loading available Gradle versions] INFO  o.e.b.c.i.u.g.PublishedGradleVersions - Gradle version information cache is up-to-date. Trying to read.
2021-12-11 12:28:30,291 [Worker-7: Loading available Gradle versions] INFO  o.e.b.c.i.u.g.PublishedGradleVersions - Gradle version information cache is out-of-date. Trying to update.
2021-12-17 15:43:17,941 [Worker-3: Loading available Gradle versions] INFO  o.e.b.c.i.u.g.PublishedGradleVersions - Gradle version information cache is out-of-date. Trying to update.
2021-12-17 16:29:20,077 [Worker-7: Loading available Gradle versions] INFO  o.e.b.c.i.u.g.PublishedGradleVersions - Gradle version information cache is up-to-date. Trying to read.
2021-12-18 14:59:16,404 [Worker-5: Loading available Gradle versions] INFO  o.e.b.c.i.u.g.PublishedGradleVersions - Gradle version information cache is up-to-date. Trying to read.
2021-12-19 17:09:38,414 [Worker-9: Loading available Gradle versions] INFO  o.e.b.c.i.u.g.PublishedGradleVersions - Gradle version information cache is out-of-date. Trying to update.
2021-12-20 15:44:46,571 [Worker-7: Loading available Gradle versions] INFO  o.e.b.c.i.u.g.PublishedGradleVersions - Gradle version information cache is up-to-date. Trying to read.
2021-12-21 09:06:29,902 [Worker-10: Loading available Gradle versions] INFO  o.e.b.c.i.u.g.PublishedGradleVersions - Gradle version information cache is out-of-date. Trying to update.
2021-12-21 11:33:38,653 [Worker-6: Loading available Gradle versions] INFO  o.e.b.c.i.u.g.PublishedGradleVersions - Gradle version information cache is up-to-date. Trying to read.
2021-12-21 15:02:01,936 [Worker-22: Creating project "mavendemo"] INFO  o.e.m.c.i.l.LifecycleMappingFactory - Using org.eclipse.m2e.jdt.JarLifecycleMapping lifecycle mapping for MavenProject: com.rai:mavendemo:0.0.1-SNAPSHOT @ /Users/pramodrai/eclipse-workspace/mavendemo/pom.xml.
2021-12-21 15:02:02,831 [Worker-22: Creating project "mavendemo"] INFO  o.e.m.j.i.AbstractJavaProjectConfigurator - Adding source folder /mavendemo/src/main/java
2021-12-21 15:02:02,842 [Worker-22: Creating project "mavendemo"] INFO  o.e.m.j.i.AbstractJavaProjectConfigurator - Adding resource folder /mavendemo/src/main/resources
2021-12-21 15:02:02,843 [Worker-22: Creating project "mavendemo"] INFO  o.e.m.j.i.AbstractJavaProjectConfigurator - Adding source folder /mavendemo/src/test/java
2021-12-21 15:02:02,843 [Worker-22: Creating project "mavendemo"] INFO  o.e.m.j.i.AbstractJavaProjectConfigurator - Adding resource folder /mavendemo/src/test/resources
2021-12-21 15:02:03,556 [Worker-27: Building] WARN  o.e.m.c.i.embedder.EclipseLogger - Using platform encoding (UTF-8 actually) to copy filtered resources, i.e. build is platform dependent!
2021-12-21 15:02:03,570 [Worker-27: Building] INFO  o.e.m.c.i.embedder.EclipseLogger - Copying 0 resource
2021-12-21 15:02:03,572 [Worker-27: Building] WARN  o.e.m.c.i.embedder.EclipseLogger - Using platform encoding (UTF-8 actually) to copy filtered resources, i.e. build is platform dependent!
2021-12-21 15:02:03,574 [Worker-27: Building] INFO  o.e.m.c.i.embedder.EclipseLogger - Copying 0 resource
2021-12-21 15:12:03,662 [Worker-29: Creating maven-archetype-quickstart] INFO  o.e.m.c.i.p.ProjectConfigurationManager - Collecting project info '/pom.xml' /Users/pramodrai/eclipse-workspace/mavendemo1/pom.xml
2021-12-21 15:12:04,259 [Worker-29: Creating maven-archetype-quickstart] INFO  o.e.m.c.i.l.LifecycleMappingFactory - Using org.eclipse.m2e.jdt.JarLifecycleMapping lifecycle mapping for MavenProject: com.coderwizard.maven:mavendemo1:0.0.1-SNAPSHOT @ /Users/pramodrai/eclipse-workspace/mavendemo1/pom.xml.
2021-12-21 15:12:04,954 [Worker-29: Creating maven-archetype-quickstart] INFO  o.e.m.j.i.AbstractJavaProjectConfigurator - Adding source folder /mavendemo1/src/main/java
2021-12-21 15:12:04,959 [Worker-29: Creating maven-archetype-quickstart] INFO  o.e.m.j.i.AbstractJavaProjectConfigurator - Adding source folder /mavendemo1/src/test/java
2021-12-21 15:12:05,006 [Worker-29: Creating maven-archetype-quickstart] INFO  o.e.m.c.i.p.ProjectConfigurationManager - Imported and configured 1 project(s) in 1 sec
2021-12-21 15:12:05,295 [Worker-22: Building] INFO  o.e.m.c.i.embedder.EclipseLogger - Using 'UTF-8' encoding to copy filtered resources.
2021-12-21 15:12:05,295 [Worker-22: Building] INFO  o.e.m.c.i.embedder.EclipseLogger - skip non existing resourceDirectory /Users/pramodrai/eclipse-workspace/mavendemo1/src/main/resources
2021-12-21 15:12:05,297 [Worker-22: Building] INFO  o.e.m.c.i.embedder.EclipseLogger - Using 'UTF-8' encoding to copy filtered resources.
2021-12-21 15:12:05,297 [Worker-22: Building] INFO  o.e.m.c.i.embedder.EclipseLogger - skip non existing resourceDirectory /Users/pramodrai/eclipse-workspace/mavendemo1/src/test/resources
2021-12-21 15:17:12,657 [Worker-32: Launching Executing install in _Users_pramodrai_eclipse-workspace_mavendemo1] INFO  o.e.m.i.launch.MavenLaunchDelegate - /Users/pramodrai/eclipse-workspace/mavendemo1
2021-12-21 15:17:12,661 [Worker-32: Launching Executing install in _Users_pramodrai_eclipse-workspace_mavendemo1] INFO  o.e.m.i.launch.MavenLaunchDelegate -  mvn -B install
2021-12-21 15:17:20,294 [Worker-33: Building] INFO  o.e.m.c.i.embedder.EclipseLogger - Using 'UTF-8' encoding to copy filtered resources.
2021-12-21 15:17:20,295 [Worker-33: Building] INFO  o.e.m.c.i.embedder.EclipseLogger - skip non existing resourceDirectory /Users/pramodrai/eclipse-workspace/mavendemo1/src/main/resources
2021-12-21 15:17:20,296 [Worker-33: Building] INFO  o.e.m.c.i.embedder.EclipseLogger - Using 'UTF-8' encoding to copy filtered resources.
2021-12-21 15:17:20,297 [Worker-33: Building] INFO  o.e.m.c.i.embedder.EclipseLogger - skip non existing resourceDirectory /Users/pramodrai/eclipse-workspace/mavendemo1/src/test/resources
2021-12-21 15:18:51,412 [Worker-35: Launching Executing clean in _Users_pramodrai_eclipse-workspace_mavendemo1] INFO  o.e.m.i.launch.MavenLaunchDelegate - /Users/pramodrai/eclipse-workspace/mavendemo1
2021-12-21 15:18:51,413 [Worker-35: Launching Executing clean in _Users_pramodrai_eclipse-workspace_mavendemo1] INFO  o.e.m.i.launch.MavenLaunchDelegate -  mvn -B clean
2021-12-21 15:18:56,250 [Worker-35: Building] INFO  o.e.m.c.i.embedder.EclipseLogger - Using 'UTF-8' encoding to copy filtered resources.
2021-12-21 15:18:56,251 [Worker-35: Building] INFO  o.e.m.c.i.embedder.EclipseLogger - skip non existing resourceDirectory /Users/pramodrai/eclipse-workspace/mavendemo1/src/main/resources
2021-12-21 15:18:56,253 [Worker-35: Building] INFO  o.e.m.c.i.embedder.EclipseLogger - Using 'UTF-8' encoding to copy filtered resources.
2021-12-21 15:18:56,253 [Worker-35: Building] INFO  o.e.m.c.i.embedder.EclipseLogger - skip non existing resourceDirectory /Users/pramodrai/eclipse-workspace/mavendemo1/src/test/resources
2021-12-21 15:19:16,619 [Worker-29: Launching Executing install in _Users_pramodrai_eclipse-workspace_mavendemo1] INFO  o.e.m.i.launch.MavenLaunchDelegate - /Users/pramodrai/eclipse-workspace/mavendemo1
2021-12-21 15:19:16,619 [Worker-29: Launching Executing install in _Users_pramodrai_eclipse-workspace_mavendemo1] INFO  o.e.m.i.launch.MavenLaunchDelegate -  mvn -B install
2021-12-21 15:19:22,470 [Worker-33: Building] INFO  o.e.m.c.i.embedder.EclipseLogger - Using 'UTF-8' encoding to copy filtered resources.
2021-12-21 15:19:22,472 [Worker-33: Building] INFO  o.e.m.c.i.embedder.EclipseLogger - skip non existing resourceDirectory /Users/pramodrai/eclipse-workspace/mavendemo1/src/main/resources
2021-12-21 15:19:22,474 [Worker-33: Building] INFO  o.e.m.c.i.embedder.EclipseLogger - Using 'UTF-8' encoding to copy filtered resources.
2021-12-21 15:19:22,474 [Worker-33: Building] INFO  o.e.m.c.i.embedder.EclipseLogger - skip non existing resourceDirectory /Users/pramodrai/eclipse-workspace/mavendemo1/src/test/resources
2021-12-21 15:43:44,492 [Worker-38: Building] INFO  o.e.m.c.i.l.LifecycleMappingFactory - Using org.eclipse.m2e.jdt.JarLifecycleMapping lifecycle mapping for MavenProject: com.coderwizard.maven:mavendemo1:0.0.1-SNAPSHOT @ /Users/pramodrai/eclipse-workspace/mavendemo1/pom.xml.
2021-12-21 15:43:44,767 [Worker-38: Building] INFO  o.e.m.c.i.embedder.EclipseLogger - Using 'UTF-8' encoding to copy filtered resources.
2021-12-21 15:43:44,767 [Worker-38: Building] INFO  o.e.m.c.i.embedder.EclipseLogger - skip non existing resourceDirectory /Users/pramodrai/eclipse-workspace/mavendemo1/src/main/resources
2021-12-21 15:43:44,770 [Worker-38: Building] INFO  o.e.m.c.i.embedder.EclipseLogger - Using 'UTF-8' encoding to copy filtered resources.
2021-12-21 15:43:44,770 [Worker-38: Building] INFO  o.e.m.c.i.embedder.EclipseLogger - skip non existing resourceDirectory /Users/pramodrai/eclipse-workspace/mavendemo1/src/test/resources
2021-12-21 22:54:32,828 [Worker-0: Loading available Gradle versions] INFO  o.e.b.c.i.u.g.PublishedGradleVersions - Gradle version information cache is up-to-date. Trying to read.
2021-12-21 22:59:14,102 [Worker-7: Building] INFO  o.e.m.c.i.l.LifecycleMappingFactory - Using org.eclipse.m2e.jdt.JarLifecycleMapping lifecycle mapping for MavenProject: com.coderwizard.maven:mavendemo1:0.0.1-SNAPSHOT @ /Users/pramodrai/eclipse-workspace/mavendemo1/pom.xml.
2021-12-21 22:59:14,801 [Worker-7: Building] INFO  o.e.m.c.i.embedder.EclipseLogger - Using 'UTF-8' encoding to copy filtered resources.
2021-12-21 22:59:14,801 [Worker-7: Building] INFO  o.e.m.c.i.embedder.EclipseLogger - skip non existing resourceDirectory /Users/pramodrai/eclipse-workspace/mavendemo1/src/main/resources
2021-12-21 22:59:14,804 [Worker-7: Building] INFO  o.e.m.c.i.embedder.EclipseLogger - Using 'UTF-8' encoding to copy filtered resources.
2021-12-21 22:59:14,804 [Worker-7: Building] INFO  o.e.m.c.i.embedder.EclipseLogger - skip non existing resourceDirectory /Users/pramodrai/eclipse-workspace/mavendemo1/src/test/resources
2021-12-21 22:59:52,707 [Worker-0: Updating Maven Project] INFO  o.e.m.c.i.p.ProjectConfigurationManager - Update started
2021-12-21 22:59:53,428 [Worker-0: Updating Maven Project] INFO  o.e.m.c.i.l.LifecycleMappingFactory - Using org.eclipse.m2e.jdt.JarLifecycleMapping lifecycle mapping for MavenProject: com.coderwizard.maven:mavendemo1:0.0.1-SNAPSHOT @ /Users/pramodrai/eclipse-workspace/mavendemo1/pom.xml.
2021-12-21 22:59:53,722 [Worker-0: Updating Maven Project] INFO  o.e.m.j.i.AbstractJavaProjectConfigurator - Adding source folder /mavendemo1/src/main/java
2021-12-21 22:59:53,723 [Worker-0: Updating Maven Project] INFO  o.e.m.j.i.AbstractJavaProjectConfigurator - Adding source folder /mavendemo1/src/test/java
2021-12-21 22:59:54,032 [Worker-0: Updating Maven Project] INFO  o.e.m.c.i.p.ProjectConfigurationManager - Update completed: 1 sec
2021-12-21 22:59:54,260 [Worker-7: Building] INFO  o.e.m.c.i.embedder.EclipseLogger - Using 'UTF-8' encoding to copy filtered resources.
2021-12-21 22:59:54,260 [Worker-7: Building] INFO  o.e.m.c.i.embedder.EclipseLogger - skip non existing resourceDirectory /Users/pramodrai/eclipse-workspace/mavendemo1/src/main/resources
2021-12-21 22:59:54,262 [Worker-7: Building] INFO  o.e.m.c.i.embedder.EclipseLogger - Using 'UTF-8' encoding to copy filtered resources.
2021-12-21 22:59:54,262 [Worker-7: Building] INFO  o.e.m.c.i.embedder.EclipseLogger - skip non existing resourceDirectory /Users/pramodrai/eclipse-workspace/mavendemo1/src/test/resources
2021-12-21 23:07:20,814 [Worker-16: Launching AppTest] INFO  o.e.m.c.i.embedder.EclipseLogger - Using 'UTF-8' encoding to copy filtered resources.
2021-12-21 23:07:20,816 [Worker-16: Launching AppTest] INFO  o.e.m.c.i.embedder.EclipseLogger - skip non existing resourceDirectory /Users/pramodrai/eclipse-workspace/mavendemo1/src/main/resources
2021-12-21 23:07:20,823 [Worker-16: Launching AppTest] INFO  o.e.m.c.i.embedder.EclipseLogger - Using 'UTF-8' encoding to copy filtered resources.
2021-12-21 23:07:20,823 [Worker-16: Launching AppTest] INFO  o.e.m.c.i.embedder.EclipseLogger - skip non existing resourceDirectory /Users/pramodrai/eclipse-workspace/mavendemo1/src/test/resources
2021-12-21 23:18:13,383 [Worker-20: Building] INFO  o.e.m.c.i.embedder.EclipseLogger - Using 'UTF-8' encoding to copy filtered resources.
2021-12-21 23:18:13,385 [Worker-20: Building] INFO  o.e.m.c.i.embedder.EclipseLogger - skip non existing resourceDirectory /Users/pramodrai/eclipse-workspace/mavendemo1/src/main/resources
2021-12-21 23:18:13,389 [Worker-20: Building] INFO  o.e.m.c.i.embedder.EclipseLogger - Using 'UTF-8' encoding to copy filtered resources.
2021-12-21 23:18:13,389 [Worker-20: Building] INFO  o.e.m.c.i.embedder.EclipseLogger - skip non existing resourceDirectory /Users/pramodrai/eclipse-workspace/mavendemo1/src/test/resources
2021-12-21 23:19:08,046 [Worker-20: Building] INFO  o.e.m.c.i.embedder.EclipseLogger - Using 'UTF-8' encoding to copy filtered resources.
2021-12-21 23:19:08,046 [Worker-20: Building] INFO  o.e.m.c.i.embedder.EclipseLogger - skip non existing resourceDirectory /Users/pramodrai/eclipse-workspace/mavendemo1/src/main/resources
2021-12-21 23:19:08,048 [Worker-20: Building] INFO  o.e.m.c.i.embedder.EclipseLogger - Using 'UTF-8' encoding to copy filtered resources.
2021-12-21 23:19:08,048 [Worker-20: Building] INFO  o.e.m.c.i.embedder.EclipseLogger - skip non existing resourceDirectory /Users/pramodrai/eclipse-workspace/mavendemo1/src/test/resources
